<?xml version="1.0" encoding="UTF-8"?>
<testsuite xmlns:xsi="http://www.w3.org/2001/XMLSchema-instance" xsi:noNamespaceSchemaLocation="https://maven.apache.org/surefire/maven-surefire-plugin/xsd/surefire-test-report-3.0.xsd" version="3.0" name="demo.SpringLibertyApplicationTests" time="1.313" tests="1" errors="0" skipped="0" failures="0">
  <properties>
[...]
</properties>
  <testcase name="contextLoads" classname="demo.SpringLibertyApplicationTests" time="0.506">
    <system-out><![CDATA[11:07:20.042 [main] INFO org.springframework.test.context.support.AnnotationConfigContextLoaderUtils -- Could not detect default configuration classes for test class [demo.SpringLibertyApplicationTests]: SpringLibertyApplicationTests does not declare any static, non-private, non-final, nested classes annotated with @Configuration.
11:07:20.098 [main] INFO org.springframework.boot.test.context.SpringBootTestContextBootstrapper -- Found @SpringBootConfiguration demo.SpringLibertyApplication for test class demo.SpringLibertyApplicationTests
  .   ____          _            __ _ _
 /\\ / ___'_ __ _ _(_)_ __  __ _ \ \ \ \
( ( )\___ | '_ | '_| | '_ \/ _` | \ \ \ \
 \\/  ___)| |_)| | | | | || (_| |  ) ) ) )
  '  |____| .__|_| |_|_| |_\__, | / / / /
 =========|_|==============|___/=/_/_/_/

 :: Spring Boot ::       (v3.3.0-SNAPSHOT)

2024-05-16T11:07:20.282+02:00  INFO 30320 --- [spring-liberty] [           main] demo.SpringLibertyApplicationTests       : Starting SpringLibertyApplicationTests using Java 21.0.2 with PID 30320 (started by grvuolo in /Users/grvuolo/Library/CloudStorage/Box-Box/Lab/liberty/spring-liberty)
2024-05-16T11:07:20.283+02:00  INFO 30320 --- [spring-liberty] [           main] demo.SpringLibertyApplicationTests       : No active profile set, falling back to 1 default profile: "default"
2024-05-16T11:07:20.745+02:00  INFO 30320 --- [spring-liberty] [           main] demo.SpringLibertyApplicationTests       : Started SpringLibertyApplicationTests in 0.581 seconds (process running for 1.065)
]]></system-out>
    <system-err><![CDATA[WARNING: A Java agent has been loaded dynamically (/Users/grvuolo/.m2/repository/net/bytebuddy/byte-buddy-agent/1.14.15/byte-buddy-agent-1.14.15.jar)
WARNING: If a serviceability tool is in use, please run with -XX:+EnableDynamicAgentLoading to hide this warning
WARNING: If a serviceability tool is not in use, please run with -Djdk.instrument.traceUsage for more information
WARNING: Dynamic loading of agents will be disallowed by default in a future release
]]></system-err>
  </testcase>
</testsuite>